<?xml version="1.0" encoding="UTF-8"?>
<!-- Generated by org.testng.reporters.JUnitXMLReporter -->
<testsuite ignored="0" hostname="LAPTOP-2P3P69IN" failures="1" tests="2" name="Default test(failed)" time="38.703" errors="0" timestamp="2022-06-28T21:19:35 IST">
  <testcase classname="TestNGPrac.NewTest1" name="myMethod" time="38.648"/>
  <testcase classname="TestNGPrac.NewTest1" name="myMethod1" time="0.005">
    <failure type="java.lang.AssertionError" message="null">
      <![CDATA[java.lang.AssertionError: null
at TestNGPrac.NewTest1.myMethod1(NewTest1.java:28)
at java.base/java.util.ArrayList.forEach(ArrayList.java:1541)
... Removed 29 stack frames]]>
    </failure>
  </testcase> <!-- myMethod1 -->
</testsuite> <!-- Default test(failed) -->
