<?xml version="1.0" encoding="UTF-8"?>
<!-- Generated by org.testng.reporters.JUnitXMLReporter -->
<testsuite ignored="0" hostname="LAPTOP-2P3P69IN" failures="0" tests="1" name="FirfoxTest" time="7.132" errors="0" timestamp="2022-07-04T15:43:07 IST">
  <testcase classname="KiteSeprateClassUingEX_BS_UT_TSTNG.validateKiteUserNm" name="@BeforeMethod kitelogin" time="0.07">
    <failure type="java.lang.NullPointerException">
      <![CDATA[java.lang.NullPointerException
at org.openqa.selenium.support.pagefactory.DefaultElementLocator.findElement(DefaultElementLocator.java:70)
at org.openqa.selenium.support.pagefactory.internal.LocatingElementHandler.invoke(LocatingElementHandler.java:39)
at com.sun.proxy.$Proxy19.sendKeys(Unknown Source)
at KiteAppPOMUsingExcelTestNg.KiteLoginPage.userSendKey(KiteLoginPage.java:27)
at KiteSeprateClassUingEX_BS_UT_TSTNG.validateKiteUserNm.kitelogin(validateKiteUserNm.java:50)
at java.base/java.util.ArrayList.forEach(ArrayList.java:1541)
... Removed 31 stack frames]]>
    </failure>
  </testcase> <!-- @BeforeMethod kitelogin -->
  <testcase classname="KiteSeprateClassUingEX_BS_UT_TSTNG.validateKiteUserNm" name="@AfterMethod kiteLogOut" time="-1.656929587692E9">
    <skipped/>
  </testcase> <!-- @AfterMethod kiteLogOut -->
  <testcase classname="KiteSeprateClassUingEX_BS_UT_TSTNG.validateKiteUserNm" name="@AfterClass closebrowser" time="-1.656929587711E9">
    <skipped/>
  </testcase> <!-- @AfterClass closebrowser -->
  <testcase classname="KiteSeprateClassUingEX_BS_UT_TSTNG.validateKiteUserNm" name="validateUserId" time="0.0">
    <skipped/>
  </testcase> <!-- validateUserId -->
</testsuite> <!-- FirfoxTest -->
