<?xml version="1.0" encoding="UTF-8"?>
<!-- Generated by org.testng.reporters.JUnitXMLReporter -->
<testsuite ignored="0" hostname="LAPTOP-2P3P69IN" failures="2" tests="8" name="Test" time="0.122" errors="0" timestamp="2022-07-04T16:38:40 IST">
  <testcase classname="ListenerStudy.MylistnerClass1" name="TC5" time="0.032"/>
  <testcase classname="ListenerStudy.MylistnerClass1" name="TC6" time="0.0"/>
  <testcase classname="ListenerStudy.MylistnerClass1" name="TC7" time="0.005">
    <failure type="java.lang.AssertionError" message="null">
      <![CDATA[java.lang.AssertionError: null
at ListenerStudy.MylistnerClass1.TC7(MylistnerClass1.java:27)
at java.base/java.util.ArrayList.forEach(ArrayList.java:1541)
... Removed 29 stack frames]]>
    </failure>
  </testcase> <!-- TC7 -->
  <testcase classname="ListenerStudy.MylistnerClass1" name="TC4" time="0.0">
    <skipped/>
  </testcase> <!-- TC4 -->
  <testcase classname="ListenerStudy.MylistnerClass2" name="TC1" time="0.002"/>
  <testcase classname="ListenerStudy.MylistnerClass2" name="TC2" time="0.002"/>
  <testcase classname="ListenerStudy.MylistnerClass2" name="TC3" time="0.001">
    <failure type="java.lang.AssertionError" message="null">
      <![CDATA[java.lang.AssertionError: null
at ListenerStudy.MylistnerClass2.TC3(MylistnerClass2.java:27)
at java.base/java.util.ArrayList.forEach(ArrayList.java:1541)
... Removed 29 stack frames]]>
    </failure>
  </testcase> <!-- TC3 -->
  <testcase classname="ListenerStudy.MylistnerClass2" name="TC4" time="0.0">
    <skipped/>
  </testcase> <!-- TC4 -->
</testsuite> <!-- Test -->
